{"timestamp":"2026-07-16T23:14:58.2935404+05:30","level":"DEBUG","class":"com.sridhar.springboot.SpringbootApplication","message":"Running with Spring Boot v3.5.3, Spring v6.2.8"}
{"timestamp":"2026-07-16T23:15:11.4825016+05:30","level":"DEBUG","class":"com.sridhar.springboot.logging.filter.RequestLoggingFilter","message":"Filter 'requestLoggingFilter' configured for use"}
{"timestamp":"2026-07-16T23:39:01.2984299+05:30","level":"DEBUG","class":"com.sridhar.springboot.SpringbootApplication","message":"Running with Spring Boot v3.5.3, Spring v6.2.8"}
{"timestamp":"2026-07-16T23:39:04.8135019+05:30","level":"DEBUG","class":"com.sridhar.springboot.logging.filter.RequestLoggingFilter","message":"Filter 'requestLoggingFilter' configured for use"}
{"timestamp":"2026-07-16T23:40:39.8150303+05:30","level":"DEBUG","context":{"requestId":"f16d99a3-86a7-4aab-bf17-3fb0a5bc32c2","service":"student-service"},"class":"com.sridhar.springboot.Controller.StudentController","message":"Incoming student request StudentDto.StudentRequest(ID=null, name=sridhar s, course=SPRING BOOT, email=Sridharsri7537@gmail.com, phone=9876543210)"}
{"timestamp":"2026-07-16T23:41:03.9857026+05:30","level":"DEBUG","context":{"requestId":"7d8a6d64-3099-478b-9896-fe69f7effec2","service":"student-service"},"class":"com.sridhar.springboot.Controller.StudentController","message":"Incoming student request StudentDto.StudentRequest(ID=null, name=Arun Kumar P, course=java, email=Arun7537@gmail.com, phone=9876543210)"}
{"timestamp":"2026-07-16T23:41:06.4804419+05:30","level":"DEBUG","context":{"requestId":"832dc419-4938-4cd5-b149-961606181023","service":"student-service"},"class":"com.sridhar.springboot.Controller.StudentController","message":"Incoming student request StudentDto.StudentRequest(ID=null, name=Arun Kumar P, course=java, email=Arun7537@gmail.com, phone=9876543210)"}
{"timestamp":"2026-07-16T23:42:24.6935504+05:30","level":"DEBUG","context":{"service":"student-service","requestId":"0487eb10-7909-4a2d-908c-5f9b687e76ed"},"class":"com.sridhar.springboot.Controller.StudentController","message":"Incoming student request StudentDto.StudentRequest(ID=null, name=Arun Kumar P, course=java, email=Arun7537@gmail.com, phone=9876322112)"}
{"timestamp":"2026-07-16T23:44:09.1014363+05:30","level":"DEBUG","context":{"service":"student-service","requestId":"d58fa644-da21-4c1f-b8bd-37ba0800aae7"},"class":"com.sridhar.springboot.Controller.StudentController","message":"Incoming student request StudentDto.StudentRequest(ID=null, name=Arun Kumar P, course=java, email=Arun7537@gmail.com, phone=9876322112)"}
{"timestamp":"2026-07-16T23:58:56.3565949+05:30","level":"DEBUG","class":"com.sridhar.springboot.SpringbootApplication","message":"Running with Spring Boot v3.5.3, Spring v6.2.8"}
{"timestamp":"2026-07-16T23:58:59.4083736+05:30","level":"DEBUG","class":"com.sridhar.springboot.logging.filter.RequestLoggingFilter","message":"Filter 'requestLoggingFilter' configured for use"}
{"timestamp":"2026-07-17T00:00:07.6959657+05:30","level":"DEBUG","context":{"requestId":"a9541311-897e-4c04-8e09-e37bf6ca04a7","service":"student-service"},"class":"com.sridhar.springboot.Controller.StudentController","message":"Incoming student request StudentDto.StudentRequest(ID=null, name=Arun Kumar P, course=java, email=Arun7537@gmail.com, phone=9876322112)"}
{"timestamp":"2026-07-17T00:05:26.6760717+05:30","level":"DEBUG","class":"com.sridhar.springboot.SpringbootApplication","message":"Running with Spring Boot v3.5.3, Spring v6.2.8"}
{"timestamp":"2026-07-17T00:05:29.5231929+05:30","level":"DEBUG","class":"com.sridhar.springboot.logging.filter.RequestLoggingFilter","message":"Filter 'requestLoggingFilter' configured for use"}
{"timestamp":"2026-07-17T00:15:35.1180303+05:30","level":"DEBUG","context":{"requestId":"54360f2e-73f5-412e-adf9-24e6bd66ea43","service":"student-service"},"class":"com.sridhar.springboot.Controller.StudentController","message":"Incoming student request StudentDto.StudentRequest(ID=null, name=Arun Kumar P, course=java, email=Arun7537@gmail.com, phone=9876322112)"}
{"timestamp":"2026-07-17T01:30:59.6560033+05:30","level":"DEBUG","class":"com.sridhar.springboot.SpringbootApplication","message":"Running with Spring Boot v3.5.3, Spring v6.2.8"}
{"timestamp":"2026-07-17T01:31:03.6724295+05:30","level":"DEBUG","class":"com.sridhar.springboot.logging.filter.RequestLoggingFilter","message":"Filter 'requestLoggingFilter' configured for use"}
{"timestamp":"2026-07-18T15:39:17.7138312+05:30","level":"DEBUG","class":"com.sridhar.springboot.SpringbootApplication","message":"Running with Spring Boot v3.5.3, Spring v6.2.8"}
{"timestamp":"2026-07-18T15:39:21.8384355+05:30","level":"DEBUG","class":"com.sridhar.springboot.logging.filter.RequestLoggingFilter","message":"Filter 'requestLoggingFilter' configured for use"}
{"timestamp":"2026-07-18T15:40:09.8979271+05:30","level":"DEBUG","context":{"requestId":"4be7c5f3-4974-4129-887f-80df7ec20e6b","service":"student-service"},"class":"com.sridhar.springboot.Controller.StudentController","message":"Incoming student request StudentDto.StudentRequest(ID=null, name=Sridhar S, course=java, email=sridharsri7537@gmail.com, phone=9087654321)"}
{"timestamp":"2026-07-18T15:40:11.297954+05:30","level":"DEBUG","context":{"requestId":"03cc22c3-64e5-4858-a44f-de3cd890e89e","service":"student-service"},"class":"com.sridhar.springboot.Controller.StudentController","message":"Incoming student request StudentDto.StudentRequest(ID=null, name=Sridhar S, course=java, email=sridharsri7537@gmail.com, phone=9087654321)"}
{"timestamp":"2026-07-18T15:43:28.3946596+05:30","level":"DEBUG","context":{"requestId":"f7a34a59-b154-4f98-b6ac-3dc19018bc11","service":"student-service"},"class":"com.sridhar.springboot.Controller.StudentController","message":"Incoming student request StudentDto.StudentRequest(ID=null, name=Arun Kumar AK, course=java, email=Arunkumar7537@gmail.com, phone=9087654390)"}
